Arguments: 
  C:\Program Files\nodejs\node.exe C:\Users\IntroG\AppData\Roaming\npm\node_modules\yarn\bin\yarn.js

PATH: 
  C:\Program Files (x86)\ActiveState Komodo IDE 9\;C:\ProgramData\Oracle\Java\javapath;C:\Program Files\Common Files\Microsoft Shared\Windows Live;C:\Program Files (x86)\Common Files\Microsoft Shared\Windows Live;C:\Windows\system32;C:\Windows;C:\Windows\System32\Wbem;C:\Windows\System32\WindowsPowerShell\v1.0\;C:\Program Files (x86)\Sony\VAIO Startup Setting Tool;C:\Program Files (x86)\Windows Live\Shared;C:\Program Files (x86)\Microsoft ASP.NET\ASP.NET Web Pages\v1.0\;C:\Program Files (x86)\Windows Kits\8.0\Windows Performance Toolkit\;C:\Program Files\Microsoft SQL Server\110\Tools\Binn\;C:\Program Files (x86)\GtkSharp\2.12\bin;C:\Program Files\TortoiseSVN\bin;C:\Program Files (x86)\Skype\Phone\;G:\Software\gradle-2.13\bin;C:\Program Files (x86)\Android\android-sdk\platform-tools\;G:\Software\apache-maven-3.3.9\bin;C:\Program Files\Git\cmd;C:\Program Files\Microsoft\Web Platform Installer\;C:\Program Files (x86)\PuTTY\;C:\Program Files\nodejs\;C:\Program Files (x86)\Heroku\bin;C:\Program Files (x86)\Microsoft VS Code\bin;C:\Users\IntroG\AppData\Roaming\npm

Yarn version: 
  0.24.5

Node version: 
  8.1.3

Platform: 
  win32 x64

npm manifest: 
  {
    "name": "quick-api-builder",
    "version": "1.0.0",
    "description": "A fastest way to implement api on the fly",
    "main": "app/main.js",
    "scripts": {
      "start": "electron app/main.js",
      "debug": "electron --nolazy --debug-brk=5858 app/main.js",
      "babel": "babel",
      "webpack": "webpack --progress --colors --watch"
    },
    "private": true,
    "repository": "https://github.com/gauravmaheshwari57/quick-api-builder",
    "keywords": [
      "Electron",
      "quick",
      "builder",
      "API",
      "api"
    ],
    "author": "Gaurav Maheshwari",
    "license": "MIT",
    "devDependencies": {
      "babel-core": "^6.25.0",
      "babel-loader": "^7.1.1",
      "babel-preset-es2015": "^6.24.1",
      "babel-preset-react": "^6.24.1",
      "redux-devtools": "^3.4.0",
      "webpack": "^3.0.0"
    },
    "dependencies": {
      "babel-polyfill": "^6.23.0",
      "draft-js": "^0.10.1",
      "draft-js-ast-exporter": "^2.0.0",
      "draft-js-ast-importer": "^2.0.0",
      "electron-devtools-installer": "^2.2.0",
      "electron-hot-loader": "^0.8.0",
      "immutable": "^3.8.1",
      "konva": "^1.6.3",
      "pegjs": "^0.10.0",
      "prop-types": "^15.5.10",
      "react": "^15.6.1",
      "react-dom": "^15.6.1",
      "react-hot-loader": "^3.0.0-beta.7",
      "react-konva": "^1.1.3",
      "react-redux": "^5.0.5",
      "redux": "^3.7.1",
      "redux-devtools-dock-monitor": "^1.1.2",
      "redux-devtools-log-monitor": "^1.3.0",
      "redux-logger": "^3.0.6",
      "redux-thunk": "^2.2.0"
    }
  }

yarn manifest: 
  No manifest

Lockfile: 
  No lockfile

Trace: 
  Error: EPERM: operation not permitted, unlink 'G:\Working\NodeJS\Electron\QuickApiBuilder\node_modules\electron\dist\electron.exe'
